{"contracts\\Eva.sol":{"l":{"17":0,"22":6,"26":2,"27":1,"31":1,"33":1,"34":1,"36":1,"38":1},"path":"C:\\Users\\donno\\Documents\\dev\\Eva\\contracts\\Eva.sol","s":{"1":0,"2":6,"3":2,"4":1,"5":1,"6":1,"7":1,"8":1},"b":{"1":[1,1]},"f":{"1":0,"2":6,"3":2,"4":1},"fnMap":{"1":{"name":"supportsInterface","line":16,"loc":{"start":{"line":16,"column":4},"end":{"line":18,"column":4}}},"2":{"name":"constructor","line":20,"loc":{"start":{"line":20,"column":4},"end":{"line":23,"column":4}}},"3":{"name":"onlyMinter","line":25,"loc":{"start":{"line":25,"column":4},"end":{"line":28,"column":4}}},"4":{"name":"mint","line":30,"loc":{"start":{"line":30,"column":4},"end":{"line":39,"column":4}}}},"statementMap":{"1":{"start":{"line":17,"column":8},"end":{"line":17,"column":51}},"2":{"start":{"line":22,"column":8},"end":{"line":22,"column":49}},"3":{"start":{"line":26,"column":8},"end":{"line":26,"column":74}},"4":{"start":{"line":31,"column":8},"end":{"line":31,"column":48}},"5":{"start":{"line":33,"column":8},"end":{"line":33,"column":36}},"6":{"start":{"line":34,"column":8},"end":{"line":34,"column":41}},"7":{"start":{"line":36,"column":8},"end":{"line":36,"column":28}},"8":{"start":{"line":38,"column":8},"end":{"line":38,"column":25}}},"branchMap":{"1":{"line":26,"type":"if","locations":[{"start":{"line":26,"column":8},"end":{"line":26,"column":8}},{"start":{"line":26,"column":8},"end":{"line":26,"column":8}}]}}}}