{"contracts\\ERC2981ContractWideRoyalties.sol":{"l":{"22":0,"31":12,"32":12,"33":12,"43":1},"path":"C:\\Users\\donno\\Documents\\dev\\Eva\\contracts\\ERC2981ContractWideRoyalties.sol","s":{"1":0,"2":12,"3":12,"4":12,"5":1},"b":{"1":[12,0]},"f":{"1":0,"2":12,"3":1},"fnMap":{"1":{"name":"supportsInterface","line":15,"loc":{"start":{"line":15,"column":4},"end":{"line":25,"column":4}}},"2":{"name":"_setRoyalties","line":30,"loc":{"start":{"line":30,"column":4},"end":{"line":34,"column":4}}},"3":{"name":"royaltyInfo","line":37,"loc":{"start":{"line":37,"column":4},"end":{"line":44,"column":4}}}},"statementMap":{"1":{"start":{"line":22,"column":8},"end":{"line":22,"column":714}},"2":{"start":{"line":31,"column":8},"end":{"line":31,"column":60}},"3":{"start":{"line":32,"column":8},"end":{"line":32,"column":38}},"4":{"start":{"line":33,"column":8},"end":{"line":33,"column":30}},"5":{"start":{"line":43,"column":8},"end":{"line":43,"column":71}}},"branchMap":{"1":{"line":31,"type":"if","locations":[{"start":{"line":31,"column":8},"end":{"line":31,"column":8}},{"start":{"line":31,"column":8},"end":{"line":31,"column":8}}]}}},"contracts\\Eva.sol":{"l":{"18":0,"23":12,"24":12,"28":1,"32":3,"33":2,"37":2,"39":2,"40":2,"42":2,"44":2},"path":"C:\\Users\\donno\\Documents\\dev\\Eva\\contracts\\Eva.sol","s":{"1":0,"2":12,"3":12,"4":1,"5":3,"6":2,"7":2,"8":2,"9":2,"10":2},"b":{"1":[2,1]},"f":{"1":0,"2":12,"3":1,"4":3,"5":2},"fnMap":{"1":{"name":"supportsInterface","line":17,"loc":{"start":{"line":17,"column":4},"end":{"line":19,"column":4}}},"2":{"name":"constructor","line":21,"loc":{"start":{"line":21,"column":4},"end":{"line":25,"column":4}}},"3":{"name":"contractURI","line":27,"loc":{"start":{"line":27,"column":4},"end":{"line":29,"column":4}}},"4":{"name":"onlyMinter","line":31,"loc":{"start":{"line":31,"column":4},"end":{"line":34,"column":4}}},"5":{"name":"mint","line":36,"loc":{"start":{"line":36,"column":4},"end":{"line":45,"column":4}}}},"statementMap":{"1":{"start":{"line":18,"column":8},"end":{"line":18,"column":51}},"2":{"start":{"line":23,"column":8},"end":{"line":23,"column":49}},"3":{"start":{"line":24,"column":8},"end":{"line":24,"column":70}},"4":{"start":{"line":28,"column":8},"end":{"line":28,"column":27}},"5":{"start":{"line":32,"column":8},"end":{"line":32,"column":74}},"6":{"start":{"line":37,"column":8},"end":{"line":37,"column":48}},"7":{"start":{"line":39,"column":8},"end":{"line":39,"column":36}},"8":{"start":{"line":40,"column":8},"end":{"line":40,"column":41}},"9":{"start":{"line":42,"column":8},"end":{"line":42,"column":28}},"10":{"start":{"line":44,"column":8},"end":{"line":44,"column":25}}},"branchMap":{"1":{"line":32,"type":"if","locations":[{"start":{"line":32,"column":8},"end":{"line":32,"column":8}},{"start":{"line":32,"column":8},"end":{"line":32,"column":8}}]}}},"contracts\\IERC2981Royalties.sol":{"l":{},"path":"C:\\Users\\donno\\Documents\\dev\\Eva\\contracts\\IERC2981Royalties.sol","s":{},"b":{},"f":{},"fnMap":{},"statementMap":{},"branchMap":{}}}